2025-10-31 17:10:18.338 [main] INFO  com.alibaba.nacos.client.utils.ParamUtil - [settings] [req-serv] nacos-server port:8848
2025-10-31 17:10:18.341 [main] INFO  com.alibaba.nacos.client.utils.ParamUtil - [settings] [http-client] connect timeout:1000
2025-10-31 17:10:18.342 [main] INFO  com.alibaba.nacos.client.utils.ParamUtil - PER_TASK_CONFIG_SIZE: 3000.0
2025-10-31 17:10:18.362 [main] INFO  com.alibaba.nacos.common.labels - DefaultLabelsCollectorManager get labels.....
2025-10-31 17:10:18.363 [main] INFO  com.alibaba.nacos.common.labels - Process LabelsCollector with [name:defaultNacosLabelsCollector]
2025-10-31 17:10:18.363 [main] INFO  com.alibaba.nacos.common.labels - default nacos collect properties raw labels: null
2025-10-31 17:10:18.363 [main] INFO  com.alibaba.nacos.common.labels - default nacos collect properties labels: {}
2025-10-31 17:10:18.363 [main] INFO  com.alibaba.nacos.common.labels - default nacos collect jvm raw labels: null
2025-10-31 17:10:18.363 [main] INFO  com.alibaba.nacos.common.labels - default nacos collect jvm labels: {}
2025-10-31 17:10:18.363 [main] INFO  com.alibaba.nacos.common.labels - default nacos collect env raw labels: null
2025-10-31 17:10:18.364 [main] INFO  com.alibaba.nacos.common.labels - default nacos collect env labels: {}
2025-10-31 17:10:18.364 [main] INFO  com.alibaba.nacos.common.labels - DefaultLabelsCollectorManager get labels finished,labels :{}
2025-10-31 17:10:18.366 [Thread-1] INFO  c.a.n.client.auth.ram.identify.CredentialWatcher - null No credential found
2025-10-31 17:10:18.369 [main] INFO  c.a.n.p.auth.spi.client.ClientAuthPluginManager - [ClientAuthPluginManager] Load ClientAuthService com.alibaba.nacos.client.auth.impl.NacosClientAuthServiceImpl success.
2025-10-31 17:10:18.369 [main] INFO  c.a.n.p.auth.spi.client.ClientAuthPluginManager - [ClientAuthPluginManager] Load ClientAuthService com.alibaba.nacos.client.auth.ram.RamClientAuthServiceImpl success.
2025-10-31 17:10:18.396 [main] INFO  com.alibaba.nacos.client.config.impl.Limiter - limitTime:5.0
2025-10-31 17:10:18.671 [main] INFO  c.a.n.client.config.impl.LocalConfigInfoProcessor - LOCAL_SNAPSHOT_PATH:/Users/zhoushihao/nacos/config
2025-10-31 17:10:18.674 [main] INFO  com.alibaba.nacos.common.remote.client - [RpcClientFactory] create a new rpc client of 0c547f3f-91ec-456b-945a-9c14b69b32b6_config-0
2025-10-31 17:10:18.687 [main] INFO  com.alibaba.nacos.common.remote.client - [0c547f3f-91ec-456b-945a-9c14b69b32b6_config-0] Register server push request handler:com.alibaba.nacos.client.config.impl.ClientWorker$ConfigRpcTransportClient$$Lambda$721/0x000000b8013bf400
2025-10-31 17:10:18.688 [main] INFO  com.alibaba.nacos.common.remote.client - [0c547f3f-91ec-456b-945a-9c14b69b32b6_config-0] Register server push request handler:com.alibaba.nacos.client.config.impl.ClientWorker$ConfigRpcTransportClient$$Lambda$722/0x000000b8013bf830
2025-10-31 17:10:18.688 [main] INFO  com.alibaba.nacos.common.remote.client - [0c547f3f-91ec-456b-945a-9c14b69b32b6_config-0] Registry connection listener to current client:com.alibaba.nacos.client.config.impl.ClientWorker$ConfigRpcTransportClient$1
2025-10-31 17:10:18.688 [main] INFO  com.alibaba.nacos.common.remote.client - [0c547f3f-91ec-456b-945a-9c14b69b32b6_config-0] RpcClient init, ServerListFactory = com.alibaba.nacos.client.config.impl.ClientWorker$ConfigRpcTransportClient$2
2025-10-31 17:10:18.692 [main] INFO  com.alibaba.nacos.common.remote.client - [0c547f3f-91ec-456b-945a-9c14b69b32b6_config-0] Try to connect to server on start up, server: {serverIp = 'localhost', server main port = 8848}
2025-10-31 17:10:18.704 [main] INFO  c.a.nacos.common.remote.client.grpc.GrpcClient - grpc client connection server:localhost ip,serverPort:9848,grpcTslConfig:{"sslProvider":"","enableTls":false,"mutualAuthEnable":false,"trustAll":false}
2025-10-31 17:10:19.269 [main] INFO  c.a.n.common.ability.AbstractAbilityControlManager - Ready to get current node abilities...
2025-10-31 17:10:19.271 [main] INFO  c.a.n.common.ability.AbstractAbilityControlManager - Ready to initialize current node abilities, support modes: [SDK_CLIENT]
2025-10-31 17:10:19.272 [main] INFO  c.a.n.common.ability.AbstractAbilityControlManager - Initialize current abilities finish...
2025-10-31 17:10:19.272 [main] INFO  c.a.n.c.ability.discover.NacosAbilityManagerHolder - [AbilityControlManager] Successfully initialize AbilityControlManager
2025-10-31 17:10:19.293 [main] INFO  com.alibaba.nacos.common.remote.client - [0c547f3f-91ec-456b-945a-9c14b69b32b6_config-0] Success to connect to server [localhost:8848] on start up, connectionId = 1761901819181_127.0.0.1_61026
2025-10-31 17:10:19.293 [com.alibaba.nacos.client.remote.worker.0] INFO  com.alibaba.nacos.common.remote.client - [0c547f3f-91ec-456b-945a-9c14b69b32b6_config-0] Notify connected event to listeners.
2025-10-31 17:10:19.294 [main] INFO  com.alibaba.nacos.common.remote.client - [0c547f3f-91ec-456b-945a-9c14b69b32b6_config-0] Register server push request handler:com.alibaba.nacos.common.remote.client.RpcClient$ConnectResetRequestHandler
2025-10-31 17:10:19.294 [com.alibaba.nacos.client.remote.worker.0] INFO  com.alibaba.nacos.client.config.impl.ClientWorker - [0c547f3f-91ec-456b-945a-9c14b69b32b6_config-0] Connected,notify listen context...
2025-10-31 17:10:19.294 [main] INFO  com.alibaba.nacos.common.remote.client - [0c547f3f-91ec-456b-945a-9c14b69b32b6_config-0] Register server push request handler:com.alibaba.nacos.common.remote.client.RpcClient$$Lambda$739/0x000000b801536958
2025-10-31 17:10:19.348 [main] INFO  com.alibaba.nacos.client.config.utils.JvmUtil - isMultiInstance:false
2025-10-31 17:10:19.361 [main] WARN  c.a.cloud.nacos.client.NacosPropertySourceBuilder - Ignore the empty nacos configuration and get it based on dataId[leadnews-wemedia.yaml] & group[DEFAULT_GROUP]
2025-10-31 17:10:19.369 [main] WARN  c.a.cloud.nacos.client.NacosPropertySourceBuilder - Ignore the empty nacos configuration and get it based on dataId[leadnews-wemedia-dev.yaml] & group[DEFAULT_GROUP]
2025-10-31 17:10:19.370 [main] INFO  o.s.c.b.c.PropertySourceBootstrapConfiguration - Located property source: [BootstrapPropertySource {name='bootstrapProperties-leadnews-wemedia-dev.yaml,DEFAULT_GROUP'}, BootstrapPropertySource {name='bootstrapProperties-leadnews-wemedia.yaml,DEFAULT_GROUP'}, BootstrapPropertySource {name='bootstrapProperties-leadnews-wemedia,DEFAULT_GROUP'}]
2025-10-31 17:10:19.376 [main] INFO  com.nobody.wemedia.WemediaApplication - The following 1 profile is active: "dev"
2025-10-31 17:10:20.410 [main] INFO  o.springframework.cloud.context.scope.GenericScope - BeanFactory id=2f852c93-fb1b-36ba-b1cc-88644d28c6df
2025-10-31 17:10:20.681 [main] INFO  o.s.boot.web.embedded.tomcat.TomcatWebServer - Tomcat initialized with port 8082 (http)
2025-10-31 17:10:20.691 [main] INFO  org.apache.coyote.http11.Http11NioProtocol - Initializing ProtocolHandler ["http-nio-8082"]
2025-10-31 17:10:20.692 [main] INFO  org.apache.catalina.core.StandardService - Starting service [Tomcat]
2025-10-31 17:10:20.692 [main] INFO  org.apache.catalina.core.StandardEngine - Starting Servlet engine: [Apache Tomcat/10.1.44]
2025-10-31 17:10:20.731 [main] INFO  o.a.c.core.ContainerBase.[Tomcat].[localhost].[/] - Initializing Spring embedded WebApplicationContext
2025-10-31 17:10:20.731 [main] INFO  o.s.b.w.s.c.ServletWebServerApplicationContext - Root WebApplicationContext: initialization completed in 1344 ms
2025-10-31 17:10:20.876 [main] WARN  o.s.b.w.s.c.AnnotationConfigServletWebServerApplicationContext - Exception encountered during context initialization - cancelling refresh attempt: org.springframework.beans.factory.UnsatisfiedDependencyException: Error creating bean with name 'wmMaterialController' defined in file [/Users/zhoushihao/IdeaProjects/leadnews/leadnews-service/leadnews-wemedia/target/classes/com/nobody/wemedia/controller/WmMaterialController.class]: Unsatisfied dependency expressed through constructor parameter 0: Error creating bean with name 'wmMaterialServiceImpl' defined in file [/Users/zhoushihao/IdeaProjects/leadnews/leadnews-service/leadnews-wemedia/target/classes/com/nobody/wemedia/service/impl/WmMaterialServiceImpl.class]: Unsatisfied dependency expressed through constructor parameter 0: Error creating bean with name 'MinIOStorageServiceImpl' defined in class path resource [com/nobody/file/config/MinIOAutoConfiguration.class]: Failed to instantiate [com.nobody.file.service.impl.MinIOStorageServer]: Factory method 'MinIOStorageServiceImpl' threw exception with message: AccessKey must not be null
2025-10-31 17:10:20.877 [main] INFO  org.apache.catalina.core.StandardService - Stopping service [Tomcat]
2025-10-31 17:10:20.887 [main] INFO  o.s.b.a.logging.ConditionEvaluationReportLogger - 

Error starting ApplicationContext. To display the condition evaluation report re-run your application with 'debug' enabled.
2025-10-31 17:10:20.899 [main] ERROR org.springframework.boot.SpringApplication - Application run failed
org.springframework.beans.factory.UnsatisfiedDependencyException: Error creating bean with name 'wmMaterialController' defined in file [/Users/zhoushihao/IdeaProjects/leadnews/leadnews-service/leadnews-wemedia/target/classes/com/nobody/wemedia/controller/WmMaterialController.class]: Unsatisfied dependency expressed through constructor parameter 0: Error creating bean with name 'wmMaterialServiceImpl' defined in file [/Users/zhoushihao/IdeaProjects/leadnews/leadnews-service/leadnews-wemedia/target/classes/com/nobody/wemedia/service/impl/WmMaterialServiceImpl.class]: Unsatisfied dependency expressed through constructor parameter 0: Error creating bean with name 'MinIOStorageServiceImpl' defined in class path resource [com/nobody/file/config/MinIOAutoConfiguration.class]: Failed to instantiate [com.nobody.file.service.impl.MinIOStorageServer]: Factory method 'MinIOStorageServiceImpl' threw exception with message: AccessKey must not be null
	at org.springframework.beans.factory.support.ConstructorResolver.createArgumentArray(ConstructorResolver.java:804)
	at org.springframework.beans.factory.support.ConstructorResolver.autowireConstructor(ConstructorResolver.java:240)
	at org.springframework.beans.factory.support.AbstractAutowireCapableBeanFactory.autowireConstructor(AbstractAutowireCapableBeanFactory.java:1395)
	at org.springframework.beans.factory.support.AbstractAutowireCapableBeanFactory.createBeanInstance(AbstractAutowireCapableBeanFactory.java:1232)
	at org.springframework.beans.factory.support.AbstractAutowireCapableBeanFactory.doCreateBean(AbstractAutowireCapableBeanFactory.java:569)
	at org.springframework.beans.factory.support.AbstractAutowireCapableBeanFactory.createBean(AbstractAutowireCapableBeanFactory.java:529)
	at org.springframework.beans.factory.support.AbstractBeanFactory.lambda$doGetBean$0(AbstractBeanFactory.java:339)
	at org.springframework.beans.factory.support.DefaultSingletonBeanRegistry.getSingleton(DefaultSingletonBeanRegistry.java:373)
	at org.springframework.beans.factory.support.AbstractBeanFactory.doGetBean(AbstractBeanFactory.java:337)
	at org.springframework.beans.factory.support.AbstractBeanFactory.getBean(AbstractBeanFactory.java:202)
	at org.springframework.beans.factory.support.DefaultListableBeanFactory.instantiateSingleton(DefaultListableBeanFactory.java:1222)
	at org.springframework.beans.factory.support.DefaultListableBeanFactory.preInstantiateSingleton(DefaultListableBeanFactory.java:1188)
	at org.springframework.beans.factory.support.DefaultListableBeanFactory.preInstantiateSingletons(DefaultListableBeanFactory.java:1123)
	at org.springframework.context.support.AbstractApplicationContext.finishBeanFactoryInitialization(AbstractApplicationContext.java:987)
	at org.springframework.context.support.AbstractApplicationContext.refresh(AbstractApplicationContext.java:627)
	at org.springframework.boot.web.servlet.context.ServletWebServerApplicationContext.refresh(ServletWebServerApplicationContext.java:146)
	at org.springframework.boot.SpringApplication.refresh(SpringApplication.java:752)
	at org.springframework.boot.SpringApplication.refreshContext(SpringApplication.java:439)
	at org.springframework.boot.SpringApplication.run(SpringApplication.java:318)
	at org.springframework.boot.SpringApplication.run(SpringApplication.java:1361)
	at org.springframework.boot.SpringApplication.run(SpringApplication.java:1350)
	at com.nobody.wemedia.WemediaApplication.main(WemediaApplication.java:10)
Caused by: org.springframework.beans.factory.UnsatisfiedDependencyException: Error creating bean with name 'wmMaterialServiceImpl' defined in file [/Users/zhoushihao/IdeaProjects/leadnews/leadnews-service/leadnews-wemedia/target/classes/com/nobody/wemedia/service/impl/WmMaterialServiceImpl.class]: Unsatisfied dependency expressed through constructor parameter 0: Error creating bean with name 'MinIOStorageServiceImpl' defined in class path resource [com/nobody/file/config/MinIOAutoConfiguration.class]: Failed to instantiate [com.nobody.file.service.impl.MinIOStorageServer]: Factory method 'MinIOStorageServiceImpl' threw exception with message: AccessKey must not be null
	at org.springframework.beans.factory.support.ConstructorResolver.createArgumentArray(ConstructorResolver.java:804)
	at org.springframework.beans.factory.support.ConstructorResolver.autowireConstructor(ConstructorResolver.java:240)
	at org.springframework.beans.factory.support.AbstractAutowireCapableBeanFactory.autowireConstructor(AbstractAutowireCapableBeanFactory.java:1395)
	at org.springframework.beans.factory.support.AbstractAutowireCapableBeanFactory.createBeanInstance(AbstractAutowireCapableBeanFactory.java:1232)
	at org.springframework.beans.factory.support.AbstractAutowireCapableBeanFactory.doCreateBean(AbstractAutowireCapableBeanFactory.java:569)
	at org.springframework.beans.factory.support.AbstractAutowireCapableBeanFactory.createBean(AbstractAutowireCapableBeanFactory.java:529)
	at org.springframework.beans.factory.support.AbstractBeanFactory.lambda$doGetBean$0(AbstractBeanFactory.java:339)
	at org.springframework.beans.factory.support.DefaultSingletonBeanRegistry.getSingleton(DefaultSingletonBeanRegistry.java:373)
	at org.springframework.beans.factory.support.AbstractBeanFactory.doGetBean(AbstractBeanFactory.java:337)
	at org.springframework.beans.factory.support.AbstractBeanFactory.getBean(AbstractBeanFactory.java:202)
	at org.springframework.beans.factory.config.DependencyDescriptor.resolveCandidate(DependencyDescriptor.java:254)
	at org.springframework.beans.factory.support.DefaultListableBeanFactory.doResolveDependency(DefaultListableBeanFactory.java:1752)
	at org.springframework.beans.factory.support.DefaultListableBeanFactory.resolveDependency(DefaultListableBeanFactory.java:1635)
	at org.springframework.beans.factory.support.ConstructorResolver.resolveAutowiredArgument(ConstructorResolver.java:913)
	at org.springframework.beans.factory.support.ConstructorResolver.createArgumentArray(ConstructorResolver.java:791)
	... 21 common frames omitted
Caused by: org.springframework.beans.factory.BeanCreationException: Error creating bean with name 'MinIOStorageServiceImpl' defined in class path resource [com/nobody/file/config/MinIOAutoConfiguration.class]: Failed to instantiate [com.nobody.file.service.impl.MinIOStorageServer]: Factory method 'MinIOStorageServiceImpl' threw exception with message: AccessKey must not be null
	at org.springframework.beans.factory.support.ConstructorResolver.instantiate(ConstructorResolver.java:657)
	at org.springframework.beans.factory.support.ConstructorResolver.instantiateUsingFactoryMethod(ConstructorResolver.java:645)
	at org.springframework.beans.factory.support.AbstractAutowireCapableBeanFactory.instantiateUsingFactoryMethod(AbstractAutowireCapableBeanFactory.java:1375)
	at org.springframework.beans.factory.support.AbstractAutowireCapableBeanFactory.createBeanInstance(AbstractAutowireCapableBeanFactory.java:1205)
	at org.springframework.beans.factory.support.AbstractAutowireCapableBeanFactory.doCreateBean(AbstractAutowireCapableBeanFactory.java:569)
	at org.springframework.beans.factory.support.AbstractAutowireCapableBeanFactory.createBean(AbstractAutowireCapableBeanFactory.java:529)
	at org.springframework.beans.factory.support.AbstractBeanFactory.lambda$doGetBean$0(AbstractBeanFactory.java:339)
	at org.springframework.beans.factory.support.DefaultSingletonBeanRegistry.getSingleton(DefaultSingletonBeanRegistry.java:373)
	at org.springframework.beans.factory.support.AbstractBeanFactory.doGetBean(AbstractBeanFactory.java:337)
	at org.springframework.beans.factory.support.AbstractBeanFactory.getBean(AbstractBeanFactory.java:202)
	at org.springframework.beans.factory.config.DependencyDescriptor.resolveCandidate(DependencyDescriptor.java:254)
	at org.springframework.beans.factory.support.DefaultListableBeanFactory.doResolveDependency(DefaultListableBeanFactory.java:1752)
	at org.springframework.beans.factory.support.DefaultListableBeanFactory.resolveDependency(DefaultListableBeanFactory.java:1635)
	at org.springframework.beans.factory.support.ConstructorResolver.resolveAutowiredArgument(ConstructorResolver.java:913)
	at org.springframework.beans.factory.support.ConstructorResolver.createArgumentArray(ConstructorResolver.java:791)
	... 35 common frames omitted
Caused by: org.springframework.beans.BeanInstantiationException: Failed to instantiate [com.nobody.file.service.impl.MinIOStorageServer]: Factory method 'MinIOStorageServiceImpl' threw exception with message: AccessKey must not be null
	at org.springframework.beans.factory.support.SimpleInstantiationStrategy.lambda$instantiate$0(SimpleInstantiationStrategy.java:200)
	at org.springframework.beans.factory.support.SimpleInstantiationStrategy.instantiateWithFactoryMethod(SimpleInstantiationStrategy.java:89)
	at org.springframework.beans.factory.support.SimpleInstantiationStrategy.instantiate(SimpleInstantiationStrategy.java:169)
	at org.springframework.beans.factory.support.ConstructorResolver.instantiate(ConstructorResolver.java:653)
	... 49 common frames omitted
Caused by: java.lang.NullPointerException: AccessKey must not be null
	at java.base/java.util.Objects.requireNonNull(Objects.java:235)
	at io.minio.credentials.Credentials.<init>(Credentials.java:48)
	at io.minio.credentials.StaticProvider.<init>(StaticProvider.java:28)
	at io.minio.MinioAsyncClient$Builder.credentials(MinioAsyncClient.java:3296)
	at io.minio.MinioClient$Builder.credentials(MinioClient.java:2430)
	at com.nobody.file.service.impl.MinIOStorageServer.<init>(MinIOStorageServer.java:21)
	at com.nobody.file.config.MinIOAutoConfiguration.MinIOStorageServiceImpl(MinIOAutoConfiguration.java:17)
	at com.nobody.file.config.MinIOAutoConfiguration$$SpringCGLIB$$0.CGLIB$MinIOStorageServiceImpl$1(<generated>)
	at com.nobody.file.config.MinIOAutoConfiguration$$SpringCGLIB$$FastClass$$1.invoke(<generated>)
	at org.springframework.cglib.proxy.MethodProxy.invokeSuper(MethodProxy.java:258)
	at org.springframework.context.annotation.ConfigurationClassEnhancer$BeanMethodInterceptor.intercept(ConfigurationClassEnhancer.java:400)
	at com.nobody.file.config.MinIOAutoConfiguration$$SpringCGLIB$$0.MinIOStorageServiceImpl(<generated>)
	at java.base/jdk.internal.reflect.NativeMethodAccessorImpl.invoke0(Native Method)
	at java.base/jdk.internal.reflect.NativeMethodAccessorImpl.invoke(NativeMethodAccessorImpl.java:77)
	at java.base/jdk.internal.reflect.DelegatingMethodAccessorImpl.invoke(DelegatingMethodAccessorImpl.java:43)
	at java.base/java.lang.reflect.Method.invoke(Method.java:569)
	at org.springframework.beans.factory.support.SimpleInstantiationStrategy.lambda$instantiate$0(SimpleInstantiationStrategy.java:172)
	... 52 common frames omitted
2025-10-31 17:10:20.902 [Thread-2] WARN  c.alibaba.nacos.common.http.HttpClientBeanHolder - [HttpClientBeanHolder] Start destroying common HttpClient
2025-10-31 17:10:20.902 [Thread-5] WARN  com.alibaba.nacos.common.notify.NotifyCenter - [NotifyCenter] Start destroying Publisher
2025-10-31 17:10:20.902 [Thread-5] WARN  com.alibaba.nacos.common.notify.NotifyCenter - [NotifyCenter] Destruction of the end
2025-10-31 17:10:20.902 [Thread-2] WARN  c.alibaba.nacos.common.http.HttpClientBeanHolder - [HttpClientBeanHolder] Destruction of the end
2025-10-31 17:13:56.244 [main] INFO  com.alibaba.nacos.client.utils.ParamUtil - [settings] [req-serv] nacos-server port:8848
2025-10-31 17:13:56.246 [main] INFO  com.alibaba.nacos.client.utils.ParamUtil - [settings] [http-client] connect timeout:1000
2025-10-31 17:13:56.247 [main] INFO  com.alibaba.nacos.client.utils.ParamUtil - PER_TASK_CONFIG_SIZE: 3000.0
2025-10-31 17:13:56.260 [main] INFO  com.alibaba.nacos.common.labels - DefaultLabelsCollectorManager get labels.....
2025-10-31 17:13:56.260 [main] INFO  com.alibaba.nacos.common.labels - Process LabelsCollector with [name:defaultNacosLabelsCollector]
2025-10-31 17:13:56.260 [main] INFO  com.alibaba.nacos.common.labels - default nacos collect properties raw labels: null
2025-10-31 17:13:56.261 [main] INFO  com.alibaba.nacos.common.labels - default nacos collect properties labels: {}
2025-10-31 17:13:56.261 [main] INFO  com.alibaba.nacos.common.labels - default nacos collect jvm raw labels: null
2025-10-31 17:13:56.261 [main] INFO  com.alibaba.nacos.common.labels - default nacos collect jvm labels: {}
2025-10-31 17:13:56.261 [main] INFO  com.alibaba.nacos.common.labels - default nacos collect env raw labels: null
2025-10-31 17:13:56.261 [main] INFO  com.alibaba.nacos.common.labels - default nacos collect env labels: {}
2025-10-31 17:13:56.261 [main] INFO  com.alibaba.nacos.common.labels - DefaultLabelsCollectorManager get labels finished,labels :{}
2025-10-31 17:13:56.265 [Thread-1] INFO  c.a.n.client.auth.ram.identify.CredentialWatcher - null No credential found
2025-10-31 17:13:56.265 [main] INFO  c.a.n.p.auth.spi.client.ClientAuthPluginManager - [ClientAuthPluginManager] Load ClientAuthService com.alibaba.nacos.client.auth.impl.NacosClientAuthServiceImpl success.
2025-10-31 17:13:56.265 [main] INFO  c.a.n.p.auth.spi.client.ClientAuthPluginManager - [ClientAuthPluginManager] Load ClientAuthService com.alibaba.nacos.client.auth.ram.RamClientAuthServiceImpl success.
2025-10-31 17:13:56.287 [main] INFO  com.alibaba.nacos.client.config.impl.Limiter - limitTime:5.0
2025-10-31 17:13:56.530 [main] INFO  c.a.n.client.config.impl.LocalConfigInfoProcessor - LOCAL_SNAPSHOT_PATH:/Users/zhoushihao/nacos/config
2025-10-31 17:13:56.533 [main] INFO  com.alibaba.nacos.common.remote.client - [RpcClientFactory] create a new rpc client of c99344d9-650a-4e6e-a1ba-5280f8e96059_config-0
2025-10-31 17:13:56.547 [main] INFO  com.alibaba.nacos.common.remote.client - [c99344d9-650a-4e6e-a1ba-5280f8e96059_config-0] Register server push request handler:com.alibaba.nacos.client.config.impl.ClientWorker$ConfigRpcTransportClient$$Lambda$721/0x00000070013be198
2025-10-31 17:13:56.547 [main] INFO  com.alibaba.nacos.common.remote.client - [c99344d9-650a-4e6e-a1ba-5280f8e96059_config-0] Register server push request handler:com.alibaba.nacos.client.config.impl.ClientWorker$ConfigRpcTransportClient$$Lambda$722/0x00000070013be5c8
2025-10-31 17:13:56.548 [main] INFO  com.alibaba.nacos.common.remote.client - [c99344d9-650a-4e6e-a1ba-5280f8e96059_config-0] Registry connection listener to current client:com.alibaba.nacos.client.config.impl.ClientWorker$ConfigRpcTransportClient$1
2025-10-31 17:13:56.548 [main] INFO  com.alibaba.nacos.common.remote.client - [c99344d9-650a-4e6e-a1ba-5280f8e96059_config-0] RpcClient init, ServerListFactory = com.alibaba.nacos.client.config.impl.ClientWorker$ConfigRpcTransportClient$2
2025-10-31 17:13:56.552 [main] INFO  com.alibaba.nacos.common.remote.client - [c99344d9-650a-4e6e-a1ba-5280f8e96059_config-0] Try to connect to server on start up, server: {serverIp = 'localhost', server main port = 8848}
2025-10-31 17:13:56.569 [main] INFO  c.a.nacos.common.remote.client.grpc.GrpcClient - grpc client connection server:localhost ip,serverPort:9848,grpcTslConfig:{"sslProvider":"","enableTls":false,"mutualAuthEnable":false,"trustAll":false}
2025-10-31 17:13:56.915 [main] INFO  c.a.n.common.ability.AbstractAbilityControlManager - Ready to get current node abilities...
2025-10-31 17:13:56.916 [main] INFO  c.a.n.common.ability.AbstractAbilityControlManager - Ready to initialize current node abilities, support modes: [SDK_CLIENT]
2025-10-31 17:13:56.917 [main] INFO  c.a.n.common.ability.AbstractAbilityControlManager - Initialize current abilities finish...
2025-10-31 17:13:56.917 [main] INFO  c.a.n.c.ability.discover.NacosAbilityManagerHolder - [AbilityControlManager] Successfully initialize AbilityControlManager
2025-10-31 17:13:56.931 [main] INFO  com.alibaba.nacos.common.remote.client - [c99344d9-650a-4e6e-a1ba-5280f8e96059_config-0] Success to connect to server [localhost:8848] on start up, connectionId = 1761902036869_127.0.0.1_61296
2025-10-31 17:13:56.932 [com.alibaba.nacos.client.remote.worker.0] INFO  com.alibaba.nacos.common.remote.client - [c99344d9-650a-4e6e-a1ba-5280f8e96059_config-0] Notify connected event to listeners.
2025-10-31 17:13:56.932 [main] INFO  com.alibaba.nacos.common.remote.client - [c99344d9-650a-4e6e-a1ba-5280f8e96059_config-0] Register server push request handler:com.alibaba.nacos.common.remote.client.RpcClient$ConnectResetRequestHandler
2025-10-31 17:13:56.932 [com.alibaba.nacos.client.remote.worker.0] INFO  com.alibaba.nacos.client.config.impl.ClientWorker - [c99344d9-650a-4e6e-a1ba-5280f8e96059_config-0] Connected,notify listen context...
2025-10-31 17:13:56.932 [main] INFO  com.alibaba.nacos.common.remote.client - [c99344d9-650a-4e6e-a1ba-5280f8e96059_config-0] Register server push request handler:com.alibaba.nacos.common.remote.client.RpcClient$$Lambda$739/0x0000007001536008
2025-10-31 17:13:56.967 [main] INFO  com.alibaba.nacos.client.config.utils.JvmUtil - isMultiInstance:false
2025-10-31 17:13:56.976 [main] WARN  c.a.cloud.nacos.client.NacosPropertySourceBuilder - Ignore the empty nacos configuration and get it based on dataId[leadnews-wemedia.yaml] & group[DEFAULT_GROUP]
2025-10-31 17:13:56.980 [main] WARN  c.a.cloud.nacos.client.NacosPropertySourceBuilder - Ignore the empty nacos configuration and get it based on dataId[leadnews-wemedia-dev.yaml] & group[DEFAULT_GROUP]
2025-10-31 17:13:56.981 [main] INFO  o.s.c.b.c.PropertySourceBootstrapConfiguration - Located property source: [BootstrapPropertySource {name='bootstrapProperties-leadnews-wemedia-dev.yaml,DEFAULT_GROUP'}, BootstrapPropertySource {name='bootstrapProperties-leadnews-wemedia.yaml,DEFAULT_GROUP'}, BootstrapPropertySource {name='bootstrapProperties-leadnews-wemedia,DEFAULT_GROUP'}]
2025-10-31 17:13:56.984 [main] INFO  com.nobody.wemedia.WemediaApplication - The following 1 profile is active: "dev"
2025-10-31 17:13:57.875 [main] INFO  o.springframework.cloud.context.scope.GenericScope - BeanFactory id=2f852c93-fb1b-36ba-b1cc-88644d28c6df
2025-10-31 17:13:58.161 [main] INFO  o.s.boot.web.embedded.tomcat.TomcatWebServer - Tomcat initialized with port 8082 (http)
2025-10-31 17:13:58.170 [main] INFO  org.apache.coyote.http11.Http11NioProtocol - Initializing ProtocolHandler ["http-nio-8082"]
2025-10-31 17:13:58.171 [main] INFO  org.apache.catalina.core.StandardService - Starting service [Tomcat]
2025-10-31 17:13:58.171 [main] INFO  org.apache.catalina.core.StandardEngine - Starting Servlet engine: [Apache Tomcat/10.1.44]
2025-10-31 17:13:58.217 [main] INFO  o.a.c.core.ContainerBase.[Tomcat].[localhost].[/] - Initializing Spring embedded WebApplicationContext
2025-10-31 17:13:58.218 [main] INFO  o.s.b.w.s.c.ServletWebServerApplicationContext - Root WebApplicationContext: initialization completed in 1226 ms
2025-10-31 17:13:58.602 [main] INFO  o.s.v.beanvalidation.OptionalValidatorFactoryBean - Failed to set up a Bean Validation provider: jakarta.validation.NoProviderFoundException: Unable to create a Configuration, because no Jakarta Bean Validation provider could be found. Add a provider like Hibernate Validator (RI) to your classpath.
2025-10-31 17:13:58.921 [main] WARN  o.s.c.l.c.LoadBalancerCacheAutoConfiguration$LoadBalancerCaffeineWarnLogger - Spring Cloud LoadBalancer is currently working with the default cache. While this cache implementation is useful for development and tests, it's recommended to use Caffeine cache in production.You can switch to using Caffeine cache, by adding it and org.springframework.cache.caffeine.CaffeineCacheManager to the classpath.
2025-10-31 17:13:58.962 [main] INFO  org.apache.coyote.http11.Http11NioProtocol - Starting ProtocolHandler ["http-nio-8082"]
2025-10-31 17:13:58.967 [main] INFO  o.s.boot.web.embedded.tomcat.TomcatWebServer - Tomcat started on port 8082 (http) with context path '/'
2025-10-31 17:13:58.971 [main] INFO  com.alibaba.nacos.client.naming - initializer namespace from ans.namespace attribute : null
2025-10-31 17:13:58.971 [main] INFO  com.alibaba.nacos.client.naming - initializer namespace from ALIBABA_ALIWARE_NAMESPACE attribute :null
2025-10-31 17:13:58.971 [main] INFO  com.alibaba.nacos.client.naming - initializer namespace from namespace attribute :null
2025-10-31 17:13:58.975 [main] INFO  com.alibaba.nacos.client.naming - FailoverDataSource type is class com.alibaba.nacos.client.naming.backups.datasource.DiskFailoverDataSource
2025-10-31 17:13:58.977 [main] INFO  c.a.n.p.auth.spi.client.ClientAuthPluginManager - [ClientAuthPluginManager] Load ClientAuthService com.alibaba.nacos.client.auth.impl.NacosClientAuthServiceImpl success.
2025-10-31 17:13:58.978 [main] INFO  c.a.n.p.auth.spi.client.ClientAuthPluginManager - [ClientAuthPluginManager] Load ClientAuthService com.alibaba.nacos.client.auth.ram.RamClientAuthServiceImpl success.
2025-10-31 17:13:59.094 [main] INFO  com.alibaba.nacos.common.remote.client - [RpcClientFactory] create a new rpc client of b006d5a8-5525-409c-8839-1f1f26969055
2025-10-31 17:13:59.095 [main] INFO  com.alibaba.nacos.client.naming - Create naming rpc client for uuid->b006d5a8-5525-409c-8839-1f1f26969055
2025-10-31 17:13:59.095 [main] INFO  com.alibaba.nacos.common.remote.client - [b006d5a8-5525-409c-8839-1f1f26969055] RpcClient init, ServerListFactory = com.alibaba.nacos.client.naming.core.ServerListManager
2025-10-31 17:13:59.095 [main] INFO  com.alibaba.nacos.common.remote.client - [b006d5a8-5525-409c-8839-1f1f26969055] Registry connection listener to current client:com.alibaba.nacos.client.naming.remote.gprc.redo.NamingGrpcRedoService
2025-10-31 17:13:59.095 [main] INFO  com.alibaba.nacos.common.remote.client - [b006d5a8-5525-409c-8839-1f1f26969055] Register server push request handler:com.alibaba.nacos.client.naming.remote.gprc.NamingPushRequestHandler
2025-10-31 17:13:59.096 [main] INFO  com.alibaba.nacos.common.remote.client - [b006d5a8-5525-409c-8839-1f1f26969055] Try to connect to server on start up, server: {serverIp = 'localhost', server main port = 8848}
2025-10-31 17:13:59.096 [main] INFO  c.a.nacos.common.remote.client.grpc.GrpcClient - grpc client connection server:localhost ip,serverPort:9848,grpcTslConfig:{"sslProvider":"","enableTls":false,"mutualAuthEnable":false,"trustAll":false}
2025-10-31 17:13:59.105 [main] INFO  com.alibaba.nacos.common.remote.client - [b006d5a8-5525-409c-8839-1f1f26969055] Success to connect to server [localhost:8848] on start up, connectionId = 1761902039099_127.0.0.1_61307
2025-10-31 17:13:59.105 [main] INFO  com.alibaba.nacos.common.remote.client - [b006d5a8-5525-409c-8839-1f1f26969055] Register server push request handler:com.alibaba.nacos.common.remote.client.RpcClient$ConnectResetRequestHandler
2025-10-31 17:13:59.105 [com.alibaba.nacos.client.remote.worker.0] INFO  com.alibaba.nacos.common.remote.client - [b006d5a8-5525-409c-8839-1f1f26969055] Notify connected event to listeners.
2025-10-31 17:13:59.106 [main] INFO  com.alibaba.nacos.common.remote.client - [b006d5a8-5525-409c-8839-1f1f26969055] Register server push request handler:com.alibaba.nacos.common.remote.client.RpcClient$$Lambda$739/0x0000007001536008
2025-10-31 17:13:59.106 [com.alibaba.nacos.client.remote.worker.0] INFO  com.alibaba.nacos.client.naming - Grpc connection connect
2025-10-31 17:13:59.106 [main] INFO  com.alibaba.nacos.client.naming - [REGISTER-SERVICE] public registering service leadnews-wemedia with instance Instance{instanceId='null', ip='10.141.102.242', port=8082, weight=1.0, healthy=true, enabled=true, ephemeral=true, clusterName='DEFAULT', serviceName='null', metadata={IPv6=null, preserved.register.source=SPRING_CLOUD}}
2025-10-31 17:13:59.114 [main] INFO  c.a.cloud.nacos.registry.NacosServiceRegistry - nacos registry, DEFAULT_GROUP leadnews-wemedia 10.141.102.242:8082 register finished
2025-10-31 17:13:59.130 [main] INFO  com.nobody.wemedia.WemediaApplication - Started WemediaApplication in 3.627 seconds (process running for 4.767)
2025-10-31 17:13:59.133 [main] INFO  com.alibaba.nacos.client.config.impl.CacheData - config listener notify warn timeout millis use default 60000 millis 
2025-10-31 17:13:59.133 [main] INFO  com.alibaba.nacos.client.config.impl.CacheData - nacos.cache.data.init.snapshot = true 
2025-10-31 17:13:59.134 [main] INFO  com.alibaba.nacos.client.config.impl.ClientWorker - [fixed-localhost_8848] [subscribe] leadnews-wemedia-dev.yaml+DEFAULT_GROUP
2025-10-31 17:13:59.140 [main] INFO  com.alibaba.nacos.client.config.impl.CacheData - [fixed-localhost_8848] [add-listener] ok, tenant=, dataId=leadnews-wemedia-dev.yaml, group=DEFAULT_GROUP, cnt=1
2025-10-31 17:13:59.141 [main] INFO  c.a.cloud.nacos.refresh.NacosContextRefresher - [Nacos Config] Listening config: dataId=leadnews-wemedia-dev.yaml, group=DEFAULT_GROUP
2025-10-31 17:13:59.142 [main] INFO  com.alibaba.nacos.client.config.impl.ClientWorker - [fixed-localhost_8848] [subscribe] leadnews-wemedia+DEFAULT_GROUP
2025-10-31 17:13:59.142 [main] INFO  com.alibaba.nacos.client.config.impl.CacheData - [fixed-localhost_8848] [add-listener] ok, tenant=, dataId=leadnews-wemedia, group=DEFAULT_GROUP, cnt=1
2025-10-31 17:13:59.142 [main] INFO  c.a.cloud.nacos.refresh.NacosContextRefresher - [Nacos Config] Listening config: dataId=leadnews-wemedia, group=DEFAULT_GROUP
2025-10-31 17:13:59.142 [main] INFO  com.alibaba.nacos.client.config.impl.ClientWorker - [fixed-localhost_8848] [subscribe] leadnews-wemedia.yaml+DEFAULT_GROUP
2025-10-31 17:13:59.142 [main] INFO  com.alibaba.nacos.client.config.impl.CacheData - [fixed-localhost_8848] [add-listener] ok, tenant=, dataId=leadnews-wemedia.yaml, group=DEFAULT_GROUP, cnt=1
2025-10-31 17:13:59.142 [main] INFO  c.a.cloud.nacos.refresh.NacosContextRefresher - [Nacos Config] Listening config: dataId=leadnews-wemedia.yaml, group=DEFAULT_GROUP
2025-10-31 17:14:24.772 [Thread-5] WARN  com.alibaba.nacos.common.notify.NotifyCenter - [NotifyCenter] Start destroying Publisher
2025-10-31 17:14:24.772 [Thread-2] WARN  c.alibaba.nacos.common.http.HttpClientBeanHolder - [HttpClientBeanHolder] Start destroying common HttpClient
2025-10-31 17:14:24.773 [Thread-5] WARN  com.alibaba.nacos.common.notify.NotifyCenter - [NotifyCenter] Destruction of the end
2025-10-31 17:14:24.773 [Thread-2] WARN  c.alibaba.nacos.common.http.HttpClientBeanHolder - [HttpClientBeanHolder] Destruction of the end
2025-10-31 17:14:24.774 [SpringApplicationShutdownHook] INFO  o.s.boot.web.embedded.tomcat.GracefulShutdown - Commencing graceful shutdown. Waiting for active requests to complete
2025-10-31 17:14:24.777 [tomcat-shutdown] INFO  o.s.boot.web.embedded.tomcat.GracefulShutdown - Graceful shutdown complete
2025-10-31 17:14:24.780 [SpringApplicationShutdownHook] INFO  c.a.cloud.nacos.registry.NacosServiceRegistry - De-registering from Nacos Server now...
2025-10-31 17:14:24.780 [SpringApplicationShutdownHook] INFO  com.alibaba.nacos.client.naming - [DEREGISTER-SERVICE] public deregistering service leadnews-wemedia with instance: Instance{instanceId='null', ip='10.141.102.242', port=8082, weight=1.0, healthy=true, enabled=true, ephemeral=true, clusterName='DEFAULT', serviceName='null', metadata={}}
2025-10-31 17:14:24.785 [SpringApplicationShutdownHook] INFO  c.a.cloud.nacos.registry.NacosServiceRegistry - De-registration finished.
2025-10-31 17:14:24.785 [SpringApplicationShutdownHook] INFO  com.alibaba.nacos.client.naming - com.alibaba.nacos.client.naming.cache.ServiceInfoHolder do shutdown begin
2025-10-31 17:14:24.785 [SpringApplicationShutdownHook] INFO  com.alibaba.nacos.client.naming - com.alibaba.nacos.client.naming.backups.FailoverReactor do shutdown begin
2025-10-31 17:14:24.785 [SpringApplicationShutdownHook] INFO  com.alibaba.nacos.client.naming - com.alibaba.nacos.client.naming.backups.FailoverReactor do shutdown stop
2025-10-31 17:14:24.785 [SpringApplicationShutdownHook] INFO  com.alibaba.nacos.client.naming - com.alibaba.nacos.client.naming.cache.ServiceInfoHolder do shutdown stop
2025-10-31 17:14:24.786 [SpringApplicationShutdownHook] INFO  com.alibaba.nacos.client.naming - com.alibaba.nacos.client.naming.remote.NamingClientProxyDelegate do shutdown begin
2025-10-31 17:14:24.786 [SpringApplicationShutdownHook] INFO  com.alibaba.nacos.client.naming - com.alibaba.nacos.client.naming.core.ServiceInfoUpdateService do shutdown begin
2025-10-31 17:14:24.786 [SpringApplicationShutdownHook] INFO  com.alibaba.nacos.client.naming - com.alibaba.nacos.client.naming.core.ServiceInfoUpdateService do shutdown stop
2025-10-31 17:14:24.786 [SpringApplicationShutdownHook] INFO  com.alibaba.nacos.client.naming - com.alibaba.nacos.client.naming.core.ServerListManager do shutdown begin
2025-10-31 17:14:24.786 [SpringApplicationShutdownHook] WARN  com.alibaba.nacos.client.naming - [NamingHttpClientManager] Start destroying NacosRestTemplate
2025-10-31 17:14:24.786 [SpringApplicationShutdownHook] WARN  com.alibaba.nacos.client.naming - [NamingHttpClientManager] Destruction of the end
2025-10-31 17:14:24.786 [SpringApplicationShutdownHook] INFO  com.alibaba.nacos.client.naming - com.alibaba.nacos.client.naming.core.ServerListManager do shutdown stop
2025-10-31 17:14:24.786 [SpringApplicationShutdownHook] INFO  com.alibaba.nacos.client.naming - com.alibaba.nacos.client.naming.remote.http.NamingHttpClientProxy do shutdown begin
2025-10-31 17:14:24.786 [SpringApplicationShutdownHook] WARN  com.alibaba.nacos.client.naming - [NamingHttpClientManager] Start destroying NacosRestTemplate
2025-10-31 17:14:24.786 [SpringApplicationShutdownHook] WARN  com.alibaba.nacos.client.naming - [NamingHttpClientManager] Destruction of the end
2025-10-31 17:14:24.786 [SpringApplicationShutdownHook] INFO  com.alibaba.nacos.client.naming - com.alibaba.nacos.client.naming.remote.http.NamingHttpClientProxy do shutdown stop
2025-10-31 17:14:24.786 [SpringApplicationShutdownHook] INFO  com.alibaba.nacos.client.naming - Shutdown naming grpc client proxy for  uuid->b006d5a8-5525-409c-8839-1f1f26969055
2025-10-31 17:14:24.786 [SpringApplicationShutdownHook] INFO  com.alibaba.nacos.client.naming - Shutdown grpc redo service executor java.util.concurrent.ScheduledThreadPoolExecutor@1d9d25fc[Running, pool size = 1, active threads = 0, queued tasks = 1, completed tasks = 8]
2025-10-31 17:14:24.786 [SpringApplicationShutdownHook] INFO  com.alibaba.nacos.common.remote.client - Shutdown rpc client, set status to shutdown
2025-10-31 17:14:24.786 [SpringApplicationShutdownHook] INFO  com.alibaba.nacos.common.remote.client - Shutdown client event executor java.util.concurrent.ScheduledThreadPoolExecutor@41188ebe[Running, pool size = 2, active threads = 2, queued tasks = 0, completed tasks = 0]
2025-10-31 17:14:24.786 [SpringApplicationShutdownHook] INFO  com.alibaba.nacos.common.remote.client - Close current connection 1761902039099_127.0.0.1_61307
2025-10-31 17:14:24.787 [nacos-grpc-client-executor-localhost-22] INFO  c.a.nacos.common.remote.client.grpc.GrpcClient - [1761902039099_127.0.0.1_61307]Ignore complete event,isRunning:false,isAbandon=false
2025-10-31 17:14:24.789 [SpringApplicationShutdownHook] INFO  c.a.nacos.common.remote.client.grpc.GrpcClient - Shutdown grpc executor java.util.concurrent.ThreadPoolExecutor@1b9a3db5[Running, pool size = 6, active threads = 0, queued tasks = 0, completed tasks = 23]
2025-10-31 17:14:24.789 [SpringApplicationShutdownHook] INFO  com.alibaba.nacos.client.naming - shutdown and remove naming rpc client  for uuid ->b006d5a8-5525-409c-8839-1f1f26969055
2025-10-31 17:14:24.789 [SpringApplicationShutdownHook] INFO  c.a.n.client.auth.ram.identify.CredentialWatcher - [null] CredentialWatcher is stopped
2025-10-31 17:14:24.789 [SpringApplicationShutdownHook] INFO  c.a.n.client.auth.ram.identify.CredentialService - [null] CredentialService is freed
2025-10-31 17:14:24.789 [SpringApplicationShutdownHook] INFO  com.alibaba.nacos.client.naming - com.alibaba.nacos.client.naming.remote.NamingClientProxyDelegate do shutdown stop
