2025-09-29 15:13:24.485 [main] INFO  com.alibaba.nacos.client.utils.ParamUtil - [settings] [req-serv] nacos-server port:8848
2025-09-29 15:13:24.487 [main] INFO  com.alibaba.nacos.client.utils.ParamUtil - [settings] [http-client] connect timeout:1000
2025-09-29 15:13:24.487 [main] INFO  com.alibaba.nacos.client.utils.ParamUtil - PER_TASK_CONFIG_SIZE: 3000.0
2025-09-29 15:13:24.499 [main] INFO  com.alibaba.nacos.common.labels - DefaultLabelsCollectorManager get labels.....
2025-09-29 15:13:24.499 [main] INFO  com.alibaba.nacos.common.labels - Process LabelsCollector with [name:defaultNacosLabelsCollector]
2025-09-29 15:13:24.500 [main] INFO  com.alibaba.nacos.common.labels - default nacos collect properties raw labels: null
2025-09-29 15:13:24.500 [main] INFO  com.alibaba.nacos.common.labels - default nacos collect properties labels: {}
2025-09-29 15:13:24.500 [main] INFO  com.alibaba.nacos.common.labels - default nacos collect jvm raw labels: null
2025-09-29 15:13:24.500 [main] INFO  com.alibaba.nacos.common.labels - default nacos collect jvm labels: {}
2025-09-29 15:13:24.500 [main] INFO  com.alibaba.nacos.common.labels - default nacos collect env raw labels: null
2025-09-29 15:13:24.500 [main] INFO  com.alibaba.nacos.common.labels - default nacos collect env labels: {}
2025-09-29 15:13:24.500 [main] INFO  com.alibaba.nacos.common.labels - DefaultLabelsCollectorManager get labels finished,labels :{}
2025-09-29 15:13:24.504 [main] INFO  c.a.n.p.auth.spi.client.ClientAuthPluginManager - [ClientAuthPluginManager] Load ClientAuthService com.alibaba.nacos.client.auth.impl.NacosClientAuthServiceImpl success.
2025-09-29 15:13:24.504 [main] INFO  c.a.n.p.auth.spi.client.ClientAuthPluginManager - [ClientAuthPluginManager] Load ClientAuthService com.alibaba.nacos.client.auth.ram.RamClientAuthServiceImpl success.
2025-09-29 15:13:24.512 [Thread-1] INFO  c.a.n.client.auth.ram.identify.CredentialWatcher - null No credential found
2025-09-29 15:13:24.526 [main] INFO  com.alibaba.nacos.client.config.impl.Limiter - limitTime:5.0
2025-09-29 15:13:24.766 [main] INFO  c.a.n.client.config.impl.LocalConfigInfoProcessor - LOCAL_SNAPSHOT_PATH:/Users/zhoushihao/nacos/config
2025-09-29 15:13:24.769 [main] INFO  com.alibaba.nacos.common.remote.client - [RpcClientFactory] create a new rpc client of 87b06cbb-0b5e-415d-9945-93b91e624bb8_config-0
2025-09-29 15:13:24.780 [main] INFO  com.alibaba.nacos.common.remote.client - [87b06cbb-0b5e-415d-9945-93b91e624bb8_config-0] Register server push request handler:com.alibaba.nacos.client.config.impl.ClientWorker$ConfigRpcTransportClient$$Lambda$721/0x00000078013bd2a8
2025-09-29 15:13:24.780 [main] INFO  com.alibaba.nacos.common.remote.client - [87b06cbb-0b5e-415d-9945-93b91e624bb8_config-0] Register server push request handler:com.alibaba.nacos.client.config.impl.ClientWorker$ConfigRpcTransportClient$$Lambda$722/0x00000078013bd6d8
2025-09-29 15:13:24.780 [main] INFO  com.alibaba.nacos.common.remote.client - [87b06cbb-0b5e-415d-9945-93b91e624bb8_config-0] Registry connection listener to current client:com.alibaba.nacos.client.config.impl.ClientWorker$ConfigRpcTransportClient$1
2025-09-29 15:13:24.780 [main] INFO  com.alibaba.nacos.common.remote.client - [87b06cbb-0b5e-415d-9945-93b91e624bb8_config-0] RpcClient init, ServerListFactory = com.alibaba.nacos.client.config.impl.ClientWorker$ConfigRpcTransportClient$2
2025-09-29 15:13:24.783 [main] INFO  com.alibaba.nacos.common.remote.client - [87b06cbb-0b5e-415d-9945-93b91e624bb8_config-0] Try to connect to server on start up, server: {serverIp = 'localhost', server main port = 8848}
2025-09-29 15:13:24.797 [main] INFO  c.a.nacos.common.remote.client.grpc.GrpcClient - grpc client connection server:localhost ip,serverPort:9848,grpcTslConfig:{"sslProvider":"","enableTls":false,"mutualAuthEnable":false,"trustAll":false}
2025-09-29 15:13:25.156 [main] INFO  c.a.n.common.ability.AbstractAbilityControlManager - Ready to get current node abilities...
2025-09-29 15:13:25.157 [main] INFO  c.a.n.common.ability.AbstractAbilityControlManager - Ready to initialize current node abilities, support modes: [SDK_CLIENT]
2025-09-29 15:13:25.157 [main] INFO  c.a.n.common.ability.AbstractAbilityControlManager - Initialize current abilities finish...
2025-09-29 15:13:25.158 [main] INFO  c.a.n.c.ability.discover.NacosAbilityManagerHolder - [AbilityControlManager] Successfully initialize AbilityControlManager
2025-09-29 15:13:25.189 [main] INFO  com.alibaba.nacos.common.remote.client - [87b06cbb-0b5e-415d-9945-93b91e624bb8_config-0] Success to connect to server [localhost:8848] on start up, connectionId = 1759130005063_127.0.0.1_53791
2025-09-29 15:13:25.189 [com.alibaba.nacos.client.remote.worker.0] INFO  com.alibaba.nacos.common.remote.client - [87b06cbb-0b5e-415d-9945-93b91e624bb8_config-0] Notify connected event to listeners.
2025-09-29 15:13:25.189 [com.alibaba.nacos.client.remote.worker.0] INFO  com.alibaba.nacos.client.config.impl.ClientWorker - [87b06cbb-0b5e-415d-9945-93b91e624bb8_config-0] Connected,notify listen context...
2025-09-29 15:13:25.189 [main] INFO  com.alibaba.nacos.common.remote.client - [87b06cbb-0b5e-415d-9945-93b91e624bb8_config-0] Register server push request handler:com.alibaba.nacos.common.remote.client.RpcClient$ConnectResetRequestHandler
2025-09-29 15:13:25.189 [main] INFO  com.alibaba.nacos.common.remote.client - [87b06cbb-0b5e-415d-9945-93b91e624bb8_config-0] Register server push request handler:com.alibaba.nacos.common.remote.client.RpcClient$$Lambda$739/0x0000007801504358
2025-09-29 15:13:25.236 [main] WARN  c.a.cloud.nacos.client.NacosPropertySourceBuilder - Ignore the empty nacos configuration and get it based on dataId[leadnews-user] & group[DEFAULT_GROUP]
2025-09-29 15:13:25.242 [main] WARN  c.a.cloud.nacos.client.NacosPropertySourceBuilder - Ignore the empty nacos configuration and get it based on dataId[leadnews-user.yaml] & group[DEFAULT_GROUP]
2025-09-29 15:13:25.252 [main] INFO  com.alibaba.nacos.client.config.utils.JvmUtil - isMultiInstance:false
2025-09-29 15:13:25.255 [main] INFO  o.s.c.b.c.PropertySourceBootstrapConfiguration - Located property source: [BootstrapPropertySource {name='bootstrapProperties-leadnews-user-dev.yaml,DEFAULT_GROUP'}, BootstrapPropertySource {name='bootstrapProperties-leadnews-user.yaml,DEFAULT_GROUP'}, BootstrapPropertySource {name='bootstrapProperties-leadnews-user,DEFAULT_GROUP'}]
2025-09-29 15:13:25.259 [main] INFO  com.nobody.user.LeadnewsUserApplication - The following 1 profile is active: "dev"
2025-09-29 15:13:25.798 [main] INFO  o.springframework.cloud.context.scope.GenericScope - BeanFactory id=c72604c9-dcc0-3d6d-b887-4ed5d41909fe
2025-09-29 15:13:26.089 [main] INFO  o.s.boot.web.embedded.tomcat.TomcatWebServer - Tomcat initialized with port 8080 (http)
2025-09-29 15:13:26.099 [main] INFO  org.apache.coyote.http11.Http11NioProtocol - Initializing ProtocolHandler ["http-nio-8080"]
2025-09-29 15:13:26.100 [main] INFO  org.apache.catalina.core.StandardService - Starting service [Tomcat]
2025-09-29 15:13:26.100 [main] INFO  org.apache.catalina.core.StandardEngine - Starting Servlet engine: [Apache Tomcat/10.1.44]
2025-09-29 15:13:26.149 [main] INFO  o.a.c.core.ContainerBase.[Tomcat].[localhost].[/] - Initializing Spring embedded WebApplicationContext
2025-09-29 15:13:26.149 [main] INFO  o.s.b.w.s.c.ServletWebServerApplicationContext - Root WebApplicationContext: initialization completed in 881 ms
2025-09-29 15:13:26.370 [main] INFO  o.s.v.beanvalidation.OptionalValidatorFactoryBean - Failed to set up a Bean Validation provider: jakarta.validation.NoProviderFoundException: Unable to create a Configuration, because no Jakarta Bean Validation provider could be found. Add a provider like Hibernate Validator (RI) to your classpath.
2025-09-29 15:13:26.829 [main] INFO  com.rabbitmq.stream.impl.StreamEnvironment - Connecting to localhost with guest user, assuming development environment
2025-09-29 15:13:26.829 [main] INFO  com.rabbitmq.stream.impl.StreamEnvironment - Using address resolver to always connect to localhost
2025-09-29 15:13:26.971 [main] WARN  o.s.c.l.c.LoadBalancerCacheAutoConfiguration$LoadBalancerCaffeineWarnLogger - Spring Cloud LoadBalancer is currently working with the default cache. While this cache implementation is useful for development and tests, it's recommended to use Caffeine cache in production.You can switch to using Caffeine cache, by adding it and org.springframework.cache.caffeine.CaffeineCacheManager to the classpath.
2025-09-29 15:13:27.017 [main] INFO  org.apache.coyote.http11.Http11NioProtocol - Starting ProtocolHandler ["http-nio-8080"]
2025-09-29 15:13:27.023 [main] INFO  o.s.boot.web.embedded.tomcat.TomcatWebServer - Tomcat started on port 8080 (http) with context path '/'
2025-09-29 15:13:27.026 [main] INFO  com.alibaba.nacos.client.naming - initializer namespace from ans.namespace attribute : null
2025-09-29 15:13:27.026 [main] INFO  com.alibaba.nacos.client.naming - initializer namespace from ALIBABA_ALIWARE_NAMESPACE attribute :null
2025-09-29 15:13:27.026 [main] INFO  com.alibaba.nacos.client.naming - initializer namespace from namespace attribute :null
2025-09-29 15:13:27.030 [main] INFO  com.alibaba.nacos.client.naming - FailoverDataSource type is class com.alibaba.nacos.client.naming.backups.datasource.DiskFailoverDataSource
2025-09-29 15:13:27.032 [main] INFO  c.a.n.p.auth.spi.client.ClientAuthPluginManager - [ClientAuthPluginManager] Load ClientAuthService com.alibaba.nacos.client.auth.impl.NacosClientAuthServiceImpl success.
2025-09-29 15:13:27.032 [main] INFO  c.a.n.p.auth.spi.client.ClientAuthPluginManager - [ClientAuthPluginManager] Load ClientAuthService com.alibaba.nacos.client.auth.ram.RamClientAuthServiceImpl success.
2025-09-29 15:13:27.160 [main] INFO  com.alibaba.nacos.common.remote.client - [RpcClientFactory] create a new rpc client of ba49ea8b-f624-4a0b-aaff-74871efe12bf
2025-09-29 15:13:27.162 [main] INFO  com.alibaba.nacos.client.naming - Create naming rpc client for uuid->ba49ea8b-f624-4a0b-aaff-74871efe12bf
2025-09-29 15:13:27.162 [main] INFO  com.alibaba.nacos.common.remote.client - [ba49ea8b-f624-4a0b-aaff-74871efe12bf] RpcClient init, ServerListFactory = com.alibaba.nacos.client.naming.core.ServerListManager
2025-09-29 15:13:27.162 [main] INFO  com.alibaba.nacos.common.remote.client - [ba49ea8b-f624-4a0b-aaff-74871efe12bf] Registry connection listener to current client:com.alibaba.nacos.client.naming.remote.gprc.redo.NamingGrpcRedoService
2025-09-29 15:13:27.162 [main] INFO  com.alibaba.nacos.common.remote.client - [ba49ea8b-f624-4a0b-aaff-74871efe12bf] Register server push request handler:com.alibaba.nacos.client.naming.remote.gprc.NamingPushRequestHandler
2025-09-29 15:13:27.163 [main] INFO  com.alibaba.nacos.common.remote.client - [ba49ea8b-f624-4a0b-aaff-74871efe12bf] Try to connect to server on start up, server: {serverIp = 'localhost', server main port = 8848}
2025-09-29 15:13:27.163 [main] INFO  c.a.nacos.common.remote.client.grpc.GrpcClient - grpc client connection server:localhost ip,serverPort:9848,grpcTslConfig:{"sslProvider":"","enableTls":false,"mutualAuthEnable":false,"trustAll":false}
2025-09-29 15:13:27.173 [main] INFO  com.alibaba.nacos.common.remote.client - [ba49ea8b-f624-4a0b-aaff-74871efe12bf] Success to connect to server [localhost:8848] on start up, connectionId = 1759130007166_127.0.0.1_53792
2025-09-29 15:13:27.173 [main] INFO  com.alibaba.nacos.common.remote.client - [ba49ea8b-f624-4a0b-aaff-74871efe12bf] Register server push request handler:com.alibaba.nacos.common.remote.client.RpcClient$ConnectResetRequestHandler
2025-09-29 15:13:27.173 [main] INFO  com.alibaba.nacos.common.remote.client - [ba49ea8b-f624-4a0b-aaff-74871efe12bf] Register server push request handler:com.alibaba.nacos.common.remote.client.RpcClient$$Lambda$739/0x0000007801504358
2025-09-29 15:13:27.173 [com.alibaba.nacos.client.remote.worker.0] INFO  com.alibaba.nacos.common.remote.client - [ba49ea8b-f624-4a0b-aaff-74871efe12bf] Notify connected event to listeners.
2025-09-29 15:13:27.173 [com.alibaba.nacos.client.remote.worker.0] INFO  com.alibaba.nacos.client.naming - Grpc connection connect
2025-09-29 15:13:27.174 [main] INFO  com.alibaba.nacos.client.naming - [REGISTER-SERVICE] public registering service leadnews-user with instance Instance{instanceId='null', ip='10.141.15.164', port=8080, weight=1.0, healthy=true, enabled=true, ephemeral=true, clusterName='DEFAULT', serviceName='null', metadata={IPv6=[2001:250:2407:4000:0:0:0:4451], preserved.register.source=SPRING_CLOUD}}
2025-09-29 15:13:27.195 [main] INFO  c.a.cloud.nacos.registry.NacosServiceRegistry - nacos registry, DEFAULT_GROUP leadnews-user 10.141.15.164:8080 register finished
2025-09-29 15:13:27.212 [main] INFO  com.nobody.user.LeadnewsUserApplication - Started LeadnewsUserApplication in 3.19 seconds (process running for 3.914)
2025-09-29 15:13:27.215 [main] INFO  com.alibaba.nacos.client.config.impl.CacheData - config listener notify warn timeout millis use default 60000 millis 
2025-09-29 15:13:27.215 [main] INFO  com.alibaba.nacos.client.config.impl.CacheData - nacos.cache.data.init.snapshot = true 
2025-09-29 15:13:27.215 [main] INFO  com.alibaba.nacos.client.config.impl.ClientWorker - [fixed-localhost_8848] [subscribe] leadnews-user+DEFAULT_GROUP
2025-09-29 15:13:27.221 [main] INFO  com.alibaba.nacos.client.config.impl.CacheData - [fixed-localhost_8848] [add-listener] ok, tenant=, dataId=leadnews-user, group=DEFAULT_GROUP, cnt=1
2025-09-29 15:13:27.221 [main] INFO  c.a.cloud.nacos.refresh.NacosContextRefresher - [Nacos Config] Listening config: dataId=leadnews-user, group=DEFAULT_GROUP
2025-09-29 15:13:27.221 [main] INFO  com.alibaba.nacos.client.config.impl.ClientWorker - [fixed-localhost_8848] [subscribe] leadnews-user-dev.yaml+DEFAULT_GROUP
2025-09-29 15:13:27.221 [main] INFO  com.alibaba.nacos.client.config.impl.CacheData - [fixed-localhost_8848] [add-listener] ok, tenant=, dataId=leadnews-user-dev.yaml, group=DEFAULT_GROUP, cnt=1
2025-09-29 15:13:27.221 [main] INFO  c.a.cloud.nacos.refresh.NacosContextRefresher - [Nacos Config] Listening config: dataId=leadnews-user-dev.yaml, group=DEFAULT_GROUP
2025-09-29 15:13:27.222 [main] INFO  com.alibaba.nacos.client.config.impl.ClientWorker - [fixed-localhost_8848] [subscribe] leadnews-user.yaml+DEFAULT_GROUP
2025-09-29 15:13:27.222 [main] INFO  com.alibaba.nacos.client.config.impl.CacheData - [fixed-localhost_8848] [add-listener] ok, tenant=, dataId=leadnews-user.yaml, group=DEFAULT_GROUP, cnt=1
2025-09-29 15:13:27.222 [main] INFO  c.a.cloud.nacos.refresh.NacosContextRefresher - [Nacos Config] Listening config: dataId=leadnews-user.yaml, group=DEFAULT_GROUP
2025-09-29 15:22:20.339 [Thread-5] WARN  com.alibaba.nacos.common.notify.NotifyCenter - [NotifyCenter] Start destroying Publisher
2025-09-29 15:22:20.339 [Thread-2] WARN  c.alibaba.nacos.common.http.HttpClientBeanHolder - [HttpClientBeanHolder] Start destroying common HttpClient
2025-09-29 15:22:20.340 [Thread-5] WARN  com.alibaba.nacos.common.notify.NotifyCenter - [NotifyCenter] Destruction of the end
2025-09-29 15:22:20.341 [Thread-2] WARN  c.alibaba.nacos.common.http.HttpClientBeanHolder - [HttpClientBeanHolder] Destruction of the end
2025-09-29 15:22:20.345 [SpringApplicationShutdownHook] INFO  o.s.boot.web.embedded.tomcat.GracefulShutdown - Commencing graceful shutdown. Waiting for active requests to complete
2025-09-29 15:22:20.348 [tomcat-shutdown] INFO  o.s.boot.web.embedded.tomcat.GracefulShutdown - Graceful shutdown complete
2025-09-29 15:22:21.404 [SpringApplicationShutdownHook] INFO  c.a.cloud.nacos.registry.NacosServiceRegistry - De-registering from Nacos Server now...
2025-09-29 15:22:21.405 [SpringApplicationShutdownHook] INFO  com.alibaba.nacos.client.naming - [DEREGISTER-SERVICE] public deregistering service leadnews-user with instance: Instance{instanceId='null', ip='10.141.15.164', port=8080, weight=1.0, healthy=true, enabled=true, ephemeral=true, clusterName='DEFAULT', serviceName='null', metadata={}}
2025-09-29 15:22:21.417 [SpringApplicationShutdownHook] INFO  c.a.cloud.nacos.registry.NacosServiceRegistry - De-registration finished.
2025-09-29 15:22:21.418 [SpringApplicationShutdownHook] INFO  com.alibaba.nacos.client.naming - com.alibaba.nacos.client.naming.cache.ServiceInfoHolder do shutdown begin
2025-09-29 15:22:21.418 [SpringApplicationShutdownHook] INFO  com.alibaba.nacos.client.naming - com.alibaba.nacos.client.naming.backups.FailoverReactor do shutdown begin
2025-09-29 15:22:21.418 [SpringApplicationShutdownHook] INFO  com.alibaba.nacos.client.naming - com.alibaba.nacos.client.naming.backups.FailoverReactor do shutdown stop
2025-09-29 15:22:21.418 [SpringApplicationShutdownHook] INFO  com.alibaba.nacos.client.naming - com.alibaba.nacos.client.naming.cache.ServiceInfoHolder do shutdown stop
2025-09-29 15:22:21.418 [SpringApplicationShutdownHook] INFO  com.alibaba.nacos.client.naming - com.alibaba.nacos.client.naming.remote.NamingClientProxyDelegate do shutdown begin
2025-09-29 15:22:21.418 [SpringApplicationShutdownHook] INFO  com.alibaba.nacos.client.naming - com.alibaba.nacos.client.naming.core.ServiceInfoUpdateService do shutdown begin
2025-09-29 15:22:21.419 [SpringApplicationShutdownHook] INFO  com.alibaba.nacos.client.naming - com.alibaba.nacos.client.naming.core.ServiceInfoUpdateService do shutdown stop
2025-09-29 15:22:21.419 [SpringApplicationShutdownHook] INFO  com.alibaba.nacos.client.naming - com.alibaba.nacos.client.naming.core.ServerListManager do shutdown begin
2025-09-29 15:22:21.419 [SpringApplicationShutdownHook] WARN  com.alibaba.nacos.client.naming - [NamingHttpClientManager] Start destroying NacosRestTemplate
2025-09-29 15:22:21.419 [SpringApplicationShutdownHook] WARN  com.alibaba.nacos.client.naming - [NamingHttpClientManager] Destruction of the end
2025-09-29 15:22:21.419 [SpringApplicationShutdownHook] INFO  com.alibaba.nacos.client.naming - com.alibaba.nacos.client.naming.core.ServerListManager do shutdown stop
2025-09-29 15:22:21.419 [SpringApplicationShutdownHook] INFO  com.alibaba.nacos.client.naming - com.alibaba.nacos.client.naming.remote.http.NamingHttpClientProxy do shutdown begin
2025-09-29 15:22:21.419 [SpringApplicationShutdownHook] WARN  com.alibaba.nacos.client.naming - [NamingHttpClientManager] Start destroying NacosRestTemplate
2025-09-29 15:22:21.419 [SpringApplicationShutdownHook] WARN  com.alibaba.nacos.client.naming - [NamingHttpClientManager] Destruction of the end
2025-09-29 15:22:21.419 [SpringApplicationShutdownHook] INFO  com.alibaba.nacos.client.naming - com.alibaba.nacos.client.naming.remote.http.NamingHttpClientProxy do shutdown stop
2025-09-29 15:22:21.419 [SpringApplicationShutdownHook] INFO  com.alibaba.nacos.client.naming - Shutdown naming grpc client proxy for  uuid->ba49ea8b-f624-4a0b-aaff-74871efe12bf
2025-09-29 15:22:21.419 [SpringApplicationShutdownHook] INFO  com.alibaba.nacos.client.naming - Shutdown grpc redo service executor java.util.concurrent.ScheduledThreadPoolExecutor@1832717b[Running, pool size = 1, active threads = 0, queued tasks = 1, completed tasks = 177]
2025-09-29 15:22:21.419 [SpringApplicationShutdownHook] INFO  com.alibaba.nacos.common.remote.client - Shutdown rpc client, set status to shutdown
2025-09-29 15:22:21.419 [SpringApplicationShutdownHook] INFO  com.alibaba.nacos.common.remote.client - Shutdown client event executor java.util.concurrent.ScheduledThreadPoolExecutor@7bea14bc[Running, pool size = 2, active threads = 2, queued tasks = 0, completed tasks = 0]
2025-09-29 15:22:21.419 [SpringApplicationShutdownHook] INFO  com.alibaba.nacos.common.remote.client - Close current connection 1759130007166_127.0.0.1_53792
2025-09-29 15:22:21.421 [nacos-grpc-client-executor-localhost-212] INFO  c.a.nacos.common.remote.client.grpc.GrpcClient - [1759130007166_127.0.0.1_53792]Ignore complete event,isRunning:false,isAbandon=false
2025-09-29 15:22:21.424 [SpringApplicationShutdownHook] INFO  c.a.nacos.common.remote.client.grpc.GrpcClient - Shutdown grpc executor java.util.concurrent.ThreadPoolExecutor@187cb625[Running, pool size = 8, active threads = 0, queued tasks = 0, completed tasks = 213]
2025-09-29 15:22:21.424 [SpringApplicationShutdownHook] INFO  com.alibaba.nacos.client.naming - shutdown and remove naming rpc client  for uuid ->ba49ea8b-f624-4a0b-aaff-74871efe12bf
2025-09-29 15:22:21.424 [SpringApplicationShutdownHook] INFO  c.a.n.client.auth.ram.identify.CredentialWatcher - [null] CredentialWatcher is stopped
2025-09-29 15:22:21.424 [SpringApplicationShutdownHook] INFO  c.a.n.client.auth.ram.identify.CredentialService - [null] CredentialService is freed
2025-09-29 15:22:21.425 [SpringApplicationShutdownHook] INFO  com.alibaba.nacos.client.naming - com.alibaba.nacos.client.naming.remote.NamingClientProxyDelegate do shutdown stop
